<?xml version="1.0" encoding="UTF-8"?>
<!-- Generated by org.testng.reporters.JUnitReportReporter -->
<testsuite hostname="DESKTOP-RG04IRQ" failures="0" tests="1" name="unittesting.ConfigurationAnnotations" time="0.053" errors="0" timestamp="2024-07-23T16:30:37 IST" skipped="0">
  <testcase classname="unittesting.ConfigurationAnnotations" name="demo" time="0.053">
    <system-out>
      <![CDATA[demo executed]]>
    </system-out>
  </testcase> <!-- demo -->
  <system-out>
    <![CDATA[@BeforeSuite
@BeforeTest
@BeforeClass
@BeforeMethod
demo executed
@AfterMethod
@AfterClass
@AfterTest
@AfterSuite]]>
  </system-out>
</testsuite> <!-- unittesting.ConfigurationAnnotations -->
