<?xml version="1.0" encoding="UTF-8"?>
<!-- Generated by org.testng.reporters.JUnitReportReporter -->
<testsuite hostname="DESKTOP-RG04IRQ" failures="0" tests="2" name="unittesting.DependsOnMerthod" time="0.026" errors="0" timestamp="2024-07-08T20:06:49 IST" skipped="0">
  <testcase classname="unittesting.DependsOnMerthod" name="Login" time="0.005">
    <system-out>
      <![CDATA[user logged in successfully]]>
    </system-out>
  </testcase> <!-- Login -->
  <testcase classname="unittesting.DependsOnMerthod" name="Register" time="0.021">
    <system-out>
      <![CDATA[user registered successfully]]>
    </system-out>
  </testcase> <!-- Register -->
  <system-out>
    <![CDATA[user registered successfully
user logged in successfully]]>
  </system-out>
</testsuite> <!-- unittesting.DependsOnMerthod -->
