<?xml version="1.0" encoding="UTF-8"?>
<!-- Generated by org.testng.reporters.JUnitReportReporter -->
<testsuite hostname="DESKTOP-RG04IRQ" failures="0" tests="2" name="unittesting.TC_DWSP_001" time="0.071" errors="0" timestamp="2024-07-07T17:07:39 IST" skipped="0">
  <testcase classname="unittesting.TC_DWSP_001" name="demo" time="0.062">
    <system-out>
      <![CDATA[demo executing...]]>
    </system-out>
  </testcase> <!-- demo -->
  <testcase classname="unittesting.TC_DWSP_001" name="test" time="0.009">
    <system-out>
      <![CDATA[test executing...]]>
    </system-out>
  </testcase> <!-- test -->
  <system-out>
    <![CDATA[demo executing...
test executing...]]>
  </system-out>
</testsuite> <!-- unittesting.TC_DWSP_001 -->
