<?xml version="1.0" encoding="UTF-8"?>
<!-- Generated by org.testng.reporters.JUnitReportReporter -->
<testsuite hostname="DESKTOP-RG04IRQ" failures="0" tests="2" name="unittestingpractise.TC_DWS_001" time="0.093" errors="0" timestamp="2024-07-20T13:19:03 IST" skipped="0">
  <testcase classname="unittestingpractise.TC_DWS_001" name="demo" time="0.085">
    <system-out>
      <![CDATA[demo executing...]]>
    </system-out>
  </testcase> <!-- demo -->
  <testcase classname="unittestingpractise.TC_DWS_001" name="test" time="0.008">
    <system-out>
      <![CDATA[test executing...]]>
    </system-out>
  </testcase> <!-- test -->
  <system-out>
    <![CDATA[demo executing...
test executing...]]>
  </system-out>
</testsuite> <!-- unittestingpractise.TC_DWS_001 -->
