<?xml version="1.0" encoding="UTF-8"?>
<!-- Generated by org.testng.reporters.JUnitReportReporter -->
<testsuite hostname="DESKTOP-RG04IRQ" failures="0" tests="1" name="unittestingpractise.WiproPrc" time="0.025" errors="0" timestamp="2024-07-20T14:56:10 IST" skipped="0">
  <testcase classname="unittestingpractise.WiproPrc" name="launchWipro" time="0.025">
    <system-out>
      <![CDATA[Wipro has launched]]>
    </system-out>
  </testcase> <!-- launchWipro -->
  <system-out>
    <![CDATA[Apple has launched
Amazon has launched
Wipro has launched]]>
  </system-out>
</testsuite> <!-- unittestingpractise.WiproPrc -->
