<?xml version="1.0" encoding="UTF-8"?>
<!-- Generated by org.testng.reporters.JUnitReportReporter -->
<testsuite hostname="DESKTOP-RG04IRQ" failures="0" tests="1" name="unittesting.Amazon" time="150.264" errors="0" timestamp="2024-07-08T19:34:22 IST" skipped="0">
  <testcase classname="unittesting.Amazon" name="launchAmazon" time="150.264">
    <system-out>
      <![CDATA[Amazon has launched]]>
    </system-out>
  </testcase> <!-- launchAmazon -->
  <system-out>
    <![CDATA[Amazon has launched
Apple has launched]]>
  </system-out>
</testsuite> <!-- unittesting.Amazon -->
