<?xml version="1.0" encoding="UTF-8"?>
<!-- Generated by org.testng.reporters.JUnitReportReporter -->
<testsuite hostname="DESKTOP-RG04IRQ" failures="0" tests="1" name="unittestingpractise.AmazonPrc" time="0.018" errors="0" timestamp="2024-07-20T15:03:36 IST" skipped="0">
  <testcase classname="unittestingpractise.AmazonPrc" name="launchAmazon" time="0.018">
    <system-out>
      <![CDATA[Amazon has launched]]>
    </system-out>
  </testcase> <!-- launchAmazon -->
  <system-out>
    <![CDATA[Amazon has launched
Apple has launched]]>
  </system-out>
</testsuite> <!-- unittestingpractise.AmazonPrc -->
