<?xml version="1.0" encoding="UTF-8"?>
<!-- Generated by org.testng.reporters.JUnitReportReporter -->
<testsuite hostname="DESKTOP-RG04IRQ" failures="0" tests="1" name="unittesting.Wipro" time="56.790" errors="0" timestamp="2024-07-08T15:55:56 IST" skipped="0">
  <testcase classname="unittesting.Wipro" name="launchWipro" time="56.790"/>
</testsuite> <!-- unittesting.Wipro -->
