<?xml version="1.0" encoding="UTF-8"?>
<!-- Generated by org.testng.reporters.JUnitReportReporter -->
<testsuite hostname="DESKTOP-RG04IRQ" failures="0" tests="1" name="unittestingpractise.ApplePrc" time="0.004" errors="0" timestamp="2024-07-20T15:03:36 IST" skipped="0">
  <testcase classname="unittestingpractise.ApplePrc" name="launchApple" time="0.004">
    <system-out>
      <![CDATA[Apple has launched]]>
    </system-out>
  </testcase> <!-- launchApple -->
  <system-out>
    <![CDATA[Amazon has launched
Apple has launched]]>
  </system-out>
</testsuite> <!-- unittestingpractise.ApplePrc -->
