<?xml version="1.0" encoding="UTF-8"?>
<!-- Generated by org.testng.reporters.JUnitReportReporter -->
<testsuite hostname="DESKTOP-RG04IRQ" failures="0" tests="1" name="unittesting.Apple" time="42.298" errors="0" timestamp="2024-07-08T19:34:22 IST" skipped="0">
  <testcase classname="unittesting.Apple" name="launchApple" time="42.298">
    <system-out>
      <![CDATA[Apple has launched]]>
    </system-out>
  </testcase> <!-- launchApple -->
  <system-out>
    <![CDATA[Amazon has launched
Apple has launched]]>
  </system-out>
</testsuite> <!-- unittesting.Apple -->
