<?xml version="1.0" encoding="UTF-8"?>
<!-- Generated by org.testng.reporters.JUnitReportReporter -->
<testsuite hostname="DESKTOP-RG04IRQ" failures="0" tests="4" name="unittesting.AnnotationAttribute" time="117.833" errors="0" timestamp="2024-07-07T17:33:36 IST" skipped="1">
  <testcase classname="unittesting.AnnotationAttribute" name="skillrary" time="29.743">
    <system-out>
      <![CDATA[launched skillrary webshop]]>
    </system-out>
  </testcase> <!-- skillrary -->
  <testcase classname="unittesting.AnnotationAttribute" name="skillrary" time="44.237">
    <system-out>
      <![CDATA[launched skillrary webshop]]>
    </system-out>
  </testcase> <!-- skillrary -->
  <testcase classname="unittesting.AnnotationAttribute" name="skillrary" time="43.853">
    <system-out>
      <![CDATA[launched skillrary webshop]]>
    </system-out>
  </testcase> <!-- skillrary -->
  <testcase classname="unittesting.AnnotationAttribute" name="demoWebshop">
    <skipped/>
  </testcase> <!-- demoWebshop -->
  <system-out>
    <![CDATA[launched skillrary webshop
launched skillrary webshop
launched skillrary webshop]]>
  </system-out>
</testsuite> <!-- unittesting.AnnotationAttribute -->
