<?xml version="1.0" encoding="UTF-8"?>
<!-- Generated by org.testng.reporters.JUnitReportReporter -->
<testsuite hostname="DESKTOP-RG04IRQ" failures="0" tests="4" name="unittestingpractise.AnnotationAttributesPrc" time="0.099" errors="0" timestamp="2024-07-20T13:39:36 IST" skipped="1">
  <testcase classname="unittestingpractise.AnnotationAttributesPrc" name="skillrary" time="0.031">
    <system-out>
      <![CDATA[launched skillraray]]>
    </system-out>
  </testcase> <!-- skillrary -->
  <testcase classname="unittestingpractise.AnnotationAttributesPrc" name="skillrary" time="0.048">
    <system-out>
      <![CDATA[launched skillraray]]>
    </system-out>
  </testcase> <!-- skillrary -->
  <testcase classname="unittestingpractise.AnnotationAttributesPrc" name="skillrary" time="0.020">
    <system-out>
      <![CDATA[launched skillraray]]>
    </system-out>
  </testcase> <!-- skillrary -->
  <testcase classname="unittestingpractise.AnnotationAttributesPrc" name="demoWebShop">
    <skipped/>
  </testcase> <!-- demoWebShop -->
  <system-out>
    <![CDATA[launched skillraray
launched skillraray
launched skillraray]]>
  </system-out>
</testsuite> <!-- unittestingpractise.AnnotationAttributesPrc -->
